# JRE version: OpenJDK Runtime Environment Temurin-21.0.7+6 (21.0.7+6) (build 21.0.7+6-LTS)
# Java VM: OpenJDK 64-Bit Server VM Temurin-21.0.7+6 (21.0.7+6-LTS, mixed mode, sharing, tiered, compressed oops, compressed class ptrs, parallel gc, windows-amd64)
GC Precious Log:
 CardTable entry size: 512
 CPUs: 8 total, 8 available
 Memory: 16167M
 Large Page Support: Disabled
 NUMA Support: Disabled
 Compressed Oops: Enabled (32-bit)
 Alignments: Space 512K, Generation 512K, Heap 2M
 Heap Min Capacity: 100M
 Heap Initial Capacity: 100M
 Heap Max Capacity: 1G
 Pre-touch: Disabled
 Parallel Workers: 8
Heap:
 PSYoungGen      total 4608K, used 2770K [0x00000000eab00000, 0x00000000eb180000, 0x0000000100000000)
  eden space 2560K, 41% used [0x00000000eab00000,0x00000000eac0cae8,0x00000000ead80000)
  from space 2048K, 82% used [0x00000000eaf80000,0x00000000eb128000,0x00000000eb180000)
  to   space 2048K, 0% used [0x00000000ead80000,0x00000000ead80000,0x00000000eaf80000)
 ParOldGen       total 523776K, used 523492K [0x00000000c0000000, 0x00000000dff80000, 0x00000000eab00000)
  object space 523776K, 99% used [0x00000000c0000000,0x00000000dff39010,0x00000000dff80000)
 Metaspace       used 75908K, committed 77568K, reserved 1179648K
  class space    used 7681K, committed 8448K, reserved 1048576K
GC Heap History (20 events):
Event: 91.210 GC heap before
{Heap before GC invocations=559 (full 3):
 PSYoungGen      total 3072K, used 2752K [0x00000000eab00000, 0x00000000eb000000, 0x0000000100000000)
  eden space 2560K, 100% used [0x00000000eab00000,0x00000000ead80000,0x00000000ead80000)
  from space 512K, 37% used [0x00000000eaf00000,0x00000000eaf30000,0x00000000eaf80000)
  to   space 512K, 0% used [0x00000000eaf80000,0x00000000eaf80000,0x00000000eb000000)
 ParOldGen       total 518656K, used 518197K [0x00000000c0000000, 0x00000000dfa80000, 0x00000000eab00000)
  object space 518656K, 99% used [0x00000000c0000000,0x00000000dfa0d720,0x00000000dfa80000)
 Metaspace       used 75771K, committed 77440K, reserved 1179648K
  class space    used 7680K, committed 8448K, reserved 1048576K
}
Event: 91.211 GC heap after
{Heap after GC invocations=559 (full 3):
 PSYoungGen      total 3072K, used 224K [0x00000000eab00000, 0x00000000eb000000, 0x0000000100000000)
  eden space 2560K, 0% used [0x00000000eab00000,0x00000000eab00000,0x00000000ead80000)
  from space 512K, 43% used [0x00000000eaf80000,0x00000000eafb8000,0x00000000eb000000)
  to   space 512K, 0% used [0x00000000eaf00000,0x00000000eaf00000,0x00000000eaf80000)
 ParOldGen       total 518656K, used 518253K [0x00000000c0000000, 0x00000000dfa80000, 0x00000000eab00000)
  object space 518656K, 99% used [0x00000000c0000000,0x00000000dfa1b720,0x00000000dfa80000)
 Metaspace       used 75771K, committed 77440K, reserved 1179648K
  class space    used 7680K, committed 8448K, reserved 1048576K
}
Event: 92.111 GC heap before
{Heap before GC invocations=560 (full 3):
 PSYoungGen      total 3072K, used 2784K [0x00000000eab00000, 0x00000000eb000000, 0x0000000100000000)
  eden space 2560K, 100% used [0x00000000eab00000,0x00000000ead80000,0x00000000ead80000)
  from space 512K, 43% used [0x00000000eaf80000,0x00000000eafb8000,0x00000000eb000000)
  to   space 512K, 0% used [0x00000000eaf00000,0x00000000eaf00000,0x00000000eaf80000)
 ParOldGen       total 518656K, used 518253K [0x00000000c0000000, 0x00000000dfa80000, 0x00000000eab00000)
  object space 518656K, 99% used [0x00000000c0000000,0x00000000dfa1b720,0x00000000dfa80000)
 Metaspace       used 75783K, committed 77504K, reserved 1179648K
  class space    used 7680K, committed 8448K, reserved 1048576K
}
Event: 92.113 GC heap after
{Heap after GC invocations=560 (full 3):
 PSYoungGen      total 3072K, used 323K [0x00000000eab00000, 0x00000000eb000000, 0x0000000100000000)
  eden space 2560K, 0% used [0x00000000eab00000,0x00000000eab00000,0x00000000ead80000)
  from space 512K, 63% used [0x00000000eaf00000,0x00000000eaf50f98,0x00000000eaf80000)
  to   space 512K, 0% used [0x00000000eaf80000,0x00000000eaf80000,0x00000000eb000000)
 ParOldGen       total 518656K, used 518301K [0x00000000c0000000, 0x00000000dfa80000, 0x00000000eab00000)
  object space 518656K, 99% used [0x00000000c0000000,0x00000000dfa27720,0x00000000dfa80000)
 Metaspace       used 75783K, committed 77504K, reserved 1179648K
  class space    used 7680K, committed 8448K, reserved 1048576K
}
Event: 92.129 GC heap before
{Heap before GC invocations=561 (full 3):
 PSYoungGen      total 3072K, used 2883K [0x00000000eab00000, 0x00000000eb000000, 0x0000000100000000)
  eden space 2560K, 100% used [0x00000000eab00000,0x00000000ead80000,0x00000000ead80000)
  from space 512K, 63% used [0x00000000eaf00000,0x00000000eaf50f98,0x00000000eaf80000)
  to   space 512K, 0% used [0x00000000eaf80000,0x00000000eaf80000,0x00000000eb000000)
 ParOldGen       total 518656K, used 518301K [0x00000000c0000000, 0x00000000dfa80000, 0x00000000eab00000)
  object space 518656K, 99% used [0x00000000c0000000,0x00000000dfa27720,0x00000000dfa80000)
 Metaspace       used 75790K, committed 77504K, reserved 1179648K
  class space    used 7681K, committed 8448K, reserved 1048576K
}
Event: 92.131 GC heap after
{Heap after GC invocations=561 (full 3):
 PSYoungGen      total 3072K, used 496K [0x00000000eab00000, 0x00000000eb080000, 0x0000000100000000)
  eden space 2560K, 0% used [0x00000000eab00000,0x00000000eab00000,0x00000000ead80000)
  from space 512K, 96% used [0x00000000eaf80000,0x00000000eaffc010,0x00000000eb000000)
  to   space 1536K, 0% used [0x00000000ead80000,0x00000000ead80000,0x00000000eaf00000)
 ParOldGen       total 519168K, used 518913K [0x00000000c0000000, 0x00000000dfb00000, 0x00000000eab00000)
  object space 519168K, 99% used [0x00000000c0000000,0x00000000dfac06d8,0x00000000dfb00000)
 Metaspace       used 75790K, committed 77504K, reserved 1179648K
  class space    used 7681K, committed 8448K, reserved 1048576K
}
Event: 92.174 GC heap before
{Heap before GC invocations=562 (full 3):
 PSYoungGen      total 3072K, used 3056K [0x00000000eab00000, 0x00000000eb080000, 0x0000000100000000)
  eden space 2560K, 100% used [0x00000000eab00000,0x00000000ead80000,0x00000000ead80000)
  from space 512K, 96% used [0x00000000eaf80000,0x00000000eaffc010,0x00000000eb000000)
  to   space 1536K, 0% used [0x00000000ead80000,0x00000000ead80000,0x00000000eaf00000)
 ParOldGen       total 519168K, used 518913K [0x00000000c0000000, 0x00000000dfb00000, 0x00000000eab00000)
  object space 519168K, 99% used [0x00000000c0000000,0x00000000dfac06d8,0x00000000dfb00000)
 Metaspace       used 75831K, committed 77504K, reserved 1179648K
  class space    used 7681K, committed 8448K, reserved 1048576K
}
Event: 92.176 GC heap after
{Heap after GC invocations=562 (full 3):
 PSYoungGen      total 4096K, used 928K [0x00000000eab00000, 0x00000000eb000000, 0x0000000100000000)
  eden space 2560K, 0% used [0x00000000eab00000,0x00000000eab00000,0x00000000ead80000)
  from space 1536K, 60% used [0x00000000ead80000,0x00000000eae68000,0x00000000eaf00000)
  to   space 1024K, 0% used [0x00000000eaf00000,0x00000000eaf00000,0x00000000eb000000)
 ParOldGen       total 519680K, used 519424K [0x00000000c0000000, 0x00000000dfb80000, 0x00000000eab00000)
  object space 519680K, 99% used [0x00000000c0000000,0x00000000dfb40250,0x00000000dfb80000)
 Metaspace       used 75831K, committed 77504K, reserved 1179648K
  class space    used 7681K, committed 8448K, reserved 1048576K
}
Event: 92.202 GC heap before
{Heap before GC invocations=563 (full 3):
 PSYoungGen      total 4096K, used 3488K [0x00000000eab00000, 0x00000000eb000000, 0x0000000100000000)
  eden space 2560K, 100% used [0x00000000eab00000,0x00000000ead80000,0x00000000ead80000)
  from space 1536K, 60% used [0x00000000ead80000,0x00000000eae68000,0x00000000eaf00000)
  to   space 1024K, 0% used [0x00000000eaf00000,0x00000000eaf00000,0x00000000eb000000)
 ParOldGen       total 519680K, used 519424K [0x00000000c0000000, 0x00000000dfb80000, 0x00000000eab00000)
  object space 519680K, 99% used [0x00000000c0000000,0x00000000dfb40250,0x00000000dfb80000)
 Metaspace       used 75865K, committed 77568K, reserved 1179648K
  class space    used 7681K, committed 8448K, reserved 1048576K
}
Event: 92.204 GC heap after
{Heap after GC invocations=563 (full 3):
 PSYoungGen      total 3584K, used 974K [0x00000000eab00000, 0x00000000eb000000, 0x0000000100000000)
  eden space 2560K, 0% used [0x00000000eab00000,0x00000000eab00000,0x00000000ead80000)
  from space 1024K, 95% used [0x00000000eaf00000,0x00000000eaff3ba0,0x00000000eb000000)
  to   space 1024K, 0% used [0x00000000eae00000,0x00000000eae00000,0x00000000eaf00000)
 ParOldGen       total 520704K, used 520204K [0x00000000c0000000, 0x00000000dfc80000, 0x00000000eab00000)
  object space 520704K, 99% used [0x00000000c0000000,0x00000000dfc03270,0x00000000dfc80000)
 Metaspace       used 75865K, committed 77568K, reserved 1179648K
  class space    used 7681K, committed 8448K, reserved 1048576K
}
Event: 92.223 GC heap before
{Heap before GC invocations=564 (full 3):
 PSYoungGen      total 3584K, used 3534K [0x00000000eab00000, 0x00000000eb000000, 0x0000000100000000)
  eden space 2560K, 100% used [0x00000000eab00000,0x00000000ead80000,0x00000000ead80000)
  from space 1024K, 95% used [0x00000000eaf00000,0x00000000eaff3ba0,0x00000000eb000000)
  to   space 1024K, 0% used [0x00000000eae00000,0x00000000eae00000,0x00000000eaf00000)
 ParOldGen       total 520704K, used 520204K [0x00000000c0000000, 0x00000000dfc80000, 0x00000000eab00000)
  object space 520704K, 99% used [0x00000000c0000000,0x00000000dfc03270,0x00000000dfc80000)
 Metaspace       used 75872K, committed 77568K, reserved 1179648K
  class space    used 7681K, committed 8448K, reserved 1048576K
}
Event: 92.225 GC heap after
{Heap after GC invocations=564 (full 3):
 PSYoungGen      total 3584K, used 512K [0x00000000eab00000, 0x00000000eaf80000, 0x0000000100000000)
  eden space 2560K, 0% used [0x00000000eab00000,0x00000000eab00000,0x00000000ead80000)
  from space 1024K, 50% used [0x00000000eae00000,0x00000000eae80010,0x00000000eaf00000)
  to   space 512K, 0% used [0x00000000eaf00000,0x00000000eaf00000,0x00000000eaf80000)
 ParOldGen       total 521216K, used 521010K [0x00000000c0000000, 0x00000000dfd00000, 0x00000000eab00000)
  object space 521216K, 99% used [0x00000000c0000000,0x00000000dfccc950,0x00000000dfd00000)
 Metaspace       used 75872K, committed 77568K, reserved 1179648K
  class space    used 7681K, committed 8448K, reserved 1048576K
}
Event: 92.243 GC heap before
{Heap before GC invocations=565 (full 3):
 PSYoungGen      total 3584K, used 3072K [0x00000000eab00000, 0x00000000eaf80000, 0x0000000100000000)
  eden space 2560K, 100% used [0x00000000eab00000,0x00000000ead80000,0x00000000ead80000)
  from space 1024K, 50% used [0x00000000eae00000,0x00000000eae80010,0x00000000eaf00000)
  to   space 512K, 0% used [0x00000000eaf00000,0x00000000eaf00000,0x00000000eaf80000)
 ParOldGen       total 521216K, used 521010K [0x00000000c0000000, 0x00000000dfd00000, 0x00000000eab00000)
  object space 521216K, 99% used [0x00000000c0000000,0x00000000dfccc950,0x00000000dfd00000)
 Metaspace       used 75875K, committed 77568K, reserved 1179648K
  class space    used 7681K, committed 8448K, reserved 1048576K
}
Event: 92.245 GC heap after
{Heap after GC invocations=565 (full 3):
 PSYoungGen      total 3072K, used 291K [0x00000000eab00000, 0x00000000eaf80000, 0x0000000100000000)
  eden space 2560K, 0% used [0x00000000eab00000,0x00000000eab00000,0x00000000ead80000)
  from space 512K, 57% used [0x00000000eaf00000,0x00000000eaf48f98,0x00000000eaf80000)
  to   space 512K, 0% used [0x00000000eae80000,0x00000000eae80000,0x00000000eaf00000)
 ParOldGen       total 521728K, used 521486K [0x00000000c0000000, 0x00000000dfd80000, 0x00000000eab00000)
  object space 521728K, 99% used [0x00000000c0000000,0x00000000dfd43be0,0x00000000dfd80000)
 Metaspace       used 75875K, committed 77568K, reserved 1179648K
  class space    used 7681K, committed 8448K, reserved 1048576K
}
Event: 92.262 GC heap before
{Heap before GC invocations=566 (full 3):
 PSYoungGen      total 3072K, used 2851K [0x00000000eab00000, 0x00000000eaf80000, 0x0000000100000000)
  eden space 2560K, 100% used [0x00000000eab00000,0x00000000ead80000,0x00000000ead80000)
  from space 512K, 57% used [0x00000000eaf00000,0x00000000eaf48f98,0x00000000eaf80000)
  to   space 512K, 0% used [0x00000000eae80000,0x00000000eae80000,0x00000000eaf00000)
 ParOldGen       total 521728K, used 521486K [0x00000000c0000000, 0x00000000dfd80000, 0x00000000eab00000)
  object space 521728K, 99% used [0x00000000c0000000,0x00000000dfd43be0,0x00000000dfd80000)
 Metaspace       used 75875K, committed 77568K, reserved 1179648K
  class space    used 7681K, committed 8448K, reserved 1048576K
}
Event: 92.264 GC heap after
{Heap after GC invocations=566 (full 3):
 PSYoungGen      total 3072K, used 192K [0x00000000eab00000, 0x00000000eaf80000, 0x0000000100000000)
  eden space 2560K, 0% used [0x00000000eab00000,0x00000000eab00000,0x00000000ead80000)
  from space 512K, 37% used [0x00000000eae80000,0x00000000eaeb0000,0x00000000eaf00000)
  to   space 512K, 0% used [0x00000000eaf00000,0x00000000eaf00000,0x00000000eaf80000)
 ParOldGen       total 521728K, used 521655K [0x00000000c0000000, 0x00000000dfd80000, 0x00000000eab00000)
  object space 521728K, 99% used [0x00000000c0000000,0x00000000dfd6ded0,0x00000000dfd80000)
 Metaspace       used 75875K, committed 77568K, reserved 1179648K
  class space    used 7681K, committed 8448K, reserved 1048576K
}
Event: 92.283 GC heap before
{Heap before GC invocations=567 (full 3):
 PSYoungGen      total 3072K, used 2752K [0x00000000eab00000, 0x00000000eaf80000, 0x0000000100000000)
  eden space 2560K, 100% used [0x00000000eab00000,0x00000000ead80000,0x00000000ead80000)
  from space 512K, 37% used [0x00000000eae80000,0x00000000eaeb0000,0x00000000eaf00000)
  to   space 512K, 0% used [0x00000000eaf00000,0x00000000eaf00000,0x00000000eaf80000)
 ParOldGen       total 521728K, used 521655K [0x00000000c0000000, 0x00000000dfd80000, 0x00000000eab00000)
  object space 521728K, 99% used [0x00000000c0000000,0x00000000dfd6ded0,0x00000000dfd80000)
 Metaspace       used 75879K, committed 77568K, reserved 1179648K
  class space    used 7681K, committed 8448K, reserved 1048576K
}
Event: 92.285 GC heap after
{Heap after GC invocations=567 (full 3):
 PSYoungGen      total 3072K, used 160K [0x00000000eab00000, 0x00000000eaf80000, 0x0000000100000000)
  eden space 2560K, 0% used [0x00000000eab00000,0x00000000eab00000,0x00000000ead80000)
  from space 512K, 31% used [0x00000000eaf00000,0x00000000eaf28000,0x00000000eaf80000)
  to   space 512K, 0% used [0x00000000eae80000,0x00000000eae80000,0x00000000eaf00000)
 ParOldGen       total 521728K, used 521679K [0x00000000c0000000, 0x00000000dfd80000, 0x00000000eab00000)
  object space 521728K, 99% used [0x00000000c0000000,0x00000000dfd73ed0,0x00000000dfd80000)
 Metaspace       used 75879K, committed 77568K, reserved 1179648K
  class space    used 7681K, committed 8448K, reserved 1048576K
}
Event: 92.310 GC heap before
{Heap before GC invocations=568 (full 3):
 PSYoungGen      total 3072K, used 2720K [0x00000000eab00000, 0x00000000eaf80000, 0x0000000100000000)
  eden space 2560K, 100% used [0x00000000eab00000,0x00000000ead80000,0x00000000ead80000)
  from space 512K, 31% used [0x00000000eaf00000,0x00000000eaf28000,0x00000000eaf80000)
  to   space 512K, 0% used [0x00000000eae80000,0x00000000eae80000,0x00000000eaf00000)
 ParOldGen       total 521728K, used 521679K [0x00000000c0000000, 0x00000000dfd80000, 0x00000000eab00000)
  object space 521728K, 99% used [0x00000000c0000000,0x00000000dfd73ed0,0x00000000dfd80000)
 Metaspace       used 75881K, committed 77568K, reserved 1179648K
  class space    used 7681K, committed 8448K, reserved 1048576K
}
Event: 92.312 GC heap after
{Heap after GC invocations=568 (full 3):
 PSYoungGen      total 3072K, used 192K [0x00000000eab00000, 0x00000000eaf80000, 0x0000000100000000)
  eden space 2560K, 0% used [0x00000000eab00000,0x00000000eab00000,0x00000000ead80000)
  from space 512K, 37% used [0x00000000eae80000,0x00000000eaeb0000,0x00000000eaf00000)
  to   space 512K, 0% used [0x00000000eaf00000,0x00000000eaf00000,0x00000000eaf80000)
 ParOldGen       total 522240K, used 521735K [0x00000000c0000000, 0x00000000dfe00000, 0x00000000eab00000)
  object space 522240K, 99% used [0x00000000c0000000,0x00000000dfd81ed0,0x00000000dfe00000)
 Metaspace       used 75881K, committed 77568K, reserved 1179648K
  class space    used 7681K, committed 8448K, reserved 1048576K
}

